0 info it worked if it ends with ok
1 verbose cli [ '/Users/edward/.nvm/versions/node/v7.4.0/bin/node',
1 verbose cli   '/Users/edward/.nvm/versions/node/v7.4.0/bin/npm',
1 verbose cli   'run',
1 verbose cli   'build' ]
2 info using npm@4.1.2
3 info using node@v7.4.0
4 verbose run-script [ 'prebuild', 'build', 'postbuild' ]
5 info lifecycle EDES@1.0.0~prebuild: EDES@1.0.0
6 silly lifecycle EDES@1.0.0~prebuild: no script for prebuild, continuing
7 info lifecycle EDES@1.0.0~build: EDES@1.0.0
8 verbose lifecycle EDES@1.0.0~build: unsafe-perm in lifecycle true
9 verbose lifecycle EDES@1.0.0~build: PATH: /Users/edward/.nvm/versions/node/v7.4.0/lib/node_modules/npm/bin/node-gyp-bin:/Users/edward/Sites/edes/node_modules/.bin:/Users/edward/.nvm/versions/node/v7.4.0/lib/node_modules/npm/bin/node-gyp-bin:/Users/edward/Sites/edes/node_modules/.bin:/Users/edward/.rvm/gems/ruby-2.2.1/bin:/Users/edward/.rvm/gems/ruby-2.2.1@global/bin:/Users/edward/.rvm/rubies/ruby-2.2.1/bin:/Users/edward/.nvm/versions/node/v7.4.0/bin:/usr/local/bin:/usr/bin:/usr/sbin:/bin:/sbin:/usr/local/opt/go/libexec/bin:/Applications/Postgres.app/Contents/Versions/9.4/bin:/Users/edward/.rvm/bin
10 verbose lifecycle EDES@1.0.0~build: CWD: /Users/edward/Sites/edes
11 silly lifecycle EDES@1.0.0~build: Args: [ '-c',
11 silly lifecycle   'npm run build-html && npm run build-css && npm run build-js' ]
12 silly lifecycle EDES@1.0.0~build: Returned: code: 1  signal: null
13 info lifecycle EDES@1.0.0~build: Failed to exec build script
14 verbose stack Error: EDES@1.0.0 build: `npm run build-html && npm run build-css && npm run build-js`
14 verbose stack Exit status 1
14 verbose stack     at EventEmitter.<anonymous> (/Users/edward/.nvm/versions/node/v7.4.0/lib/node_modules/npm/lib/utils/lifecycle.js:279:16)
14 verbose stack     at emitTwo (events.js:106:13)
14 verbose stack     at EventEmitter.emit (events.js:191:7)
14 verbose stack     at ChildProcess.<anonymous> (/Users/edward/.nvm/versions/node/v7.4.0/lib/node_modules/npm/lib/utils/spawn.js:40:14)
14 verbose stack     at emitTwo (events.js:106:13)
14 verbose stack     at ChildProcess.emit (events.js:191:7)
14 verbose stack     at maybeClose (internal/child_process.js:885:16)
14 verbose stack     at Process.ChildProcess._handle.onexit (internal/child_process.js:226:5)
15 verbose pkgid EDES@1.0.0
16 verbose cwd /Users/edward/Sites/edes
17 error Darwin 16.1.0
18 error argv "/Users/edward/.nvm/versions/node/v7.4.0/bin/node" "/Users/edward/.nvm/versions/node/v7.4.0/bin/npm" "run" "build"
19 error node v7.4.0
20 error npm  v4.1.2
21 error code ELIFECYCLE
22 error EDES@1.0.0 build: `npm run build-html && npm run build-css && npm run build-js`
22 error Exit status 1
23 error Failed at the EDES@1.0.0 build script 'npm run build-html && npm run build-css && npm run build-js'.
23 error Make sure you have the latest version of node.js and npm installed.
23 error If you do, this is most likely a problem with the EDES package,
23 error not with npm itself.
23 error Tell the author that this fails on your system:
23 error     npm run build-html && npm run build-css && npm run build-js
23 error You can get information on how to open an issue for this project with:
23 error     npm bugs EDES
23 error Or if that isn't available, you can get their info via:
23 error     npm owner ls EDES
23 error There is likely additional logging output above.
24 verbose exit [ 1, true ]
